<?xml version="1.0" encoding="UTF-8"?>
<!-- Generated by org.testng.reporters.JUnitReportReporter -->
<testsuite hostname="DESKTOP-Q75H7OK" failures="0" tests="1" name="com.login.tests.LoginTest" time="0.002" errors="0" timestamp="2025-04-15T11:17:17 IST" skipped="0">
  <testcase classname="com.login.tests.LoginTest" name="f" time="0.002"/>
</testsuite> <!-- com.login.tests.LoginTest -->
